\BOOKMARK [0][-]{section*.1}{\376\377\000D\000e\000c\000l\000a\000r\000a\000t\000i\000o\000n\000\040\000o\000f\000\040\000A\000u\000t\000h\000o\000r\000s\000h\000i\000p}{}% 1
\BOOKMARK [0][-]{section*.2}{\376\377\000A\000b\000s\000t\000r\000a\000c\000t}{}% 2
\BOOKMARK [0][-]{section*.3}{\376\377\000A\000c\000k\000n\000o\000w\000l\000e\000d\000g\000e\000m\000e\000n\000t\000s}{}% 3
\BOOKMARK [0][-]{chapter.14}{\376\377\000I\000n\000t\000r\000o\000d\000u\000c\000t\000i\000o\000n}{}% 4
\BOOKMARK [0][-]{chapter.15}{\376\377\000S\000l\000o\000w\000-\000w\000a\000v\000e\000s}{}% 5
\BOOKMARK [1][-]{section.16}{\376\377\000O\000v\000e\000r\000v\000i\000e\000w\000\040\000o\000f\000\040\000p\000r\000o\000p\000o\000s\000e\000d\000\040\000t\000y\000p\000e\000s\000\040\000a\000n\000d\000\040\000f\000u\000n\000c\000t\000i\000o\000n\000s}{chapter.15}% 6
\BOOKMARK [1][-]{section.18}{\376\377\000E\000f\000f\000e\000c\000t\000s\000\040\000o\000f\000\040\000a\000n\000a\000e\000s\000t\000h\000e\000s\000i\000a\000\040\000o\000n\000\040\000s\000i\000n\000g\000l\000e\000\040\000c\000e\000l\000l\000s\000\040\000a\000n\000d\000\040\000n\000e\000u\000r\000a\000l\000\040\000n\000e\000t\000w\000o\000r\000k\000s}{chapter.15}% 7
\BOOKMARK [1][-]{section.20}{\376\377\000S\000l\000o\000w\000-\000w\000a\000v\000e\000s\000\040\000i\000n\000\040\000a\000n\000a\000e\000s\000t\000h\000e\000s\000i\000a\000\040\000a\000n\000d\000\040\000d\000e\000e\000p\000\040\000s\000l\000e\000e\000p}{chapter.15}% 8
\BOOKMARK [2][-]{subsection.21}{\376\377\000T\000h\000r\000e\000e\000\040\000s\000y\000s\000t\000e\000m\000s\000\040\000f\000o\000r\000\040\000s\000l\000e\000e\000p\000\040\000r\000e\000g\000u\000l\000a\000t\000i\000o\000n}{section.20}% 9
\BOOKMARK [2][-]{subsection.22}{\376\377\000T\000h\000e\000\040\000a\000s\000c\000e\000n\000d\000i\000n\000g\000\040\000r\000e\000t\000i\000c\000u\000l\000a\000r\000\040\000a\000c\000t\000i\000v\000a\000t\000i\000o\000n\000\040\000s\000y\000s\000t\000e\000m\000\040\000a\000n\000d\000\040\000n\000e\000u\000r\000a\000l\000\040\000o\000s\000c\000i\000l\000l\000a\000t\000o\000r\000s}{section.20}% 10
\BOOKMARK [2][-]{subsection.24}{\376\377\000N\000e\000o\000c\000o\000r\000t\000i\000c\000a\000l\000\040\000s\000l\000o\000w\000\040\000w\000a\000v\000e\000s\000\040\000d\000u\000r\000i\000n\000g\000\040\000s\000l\000e\000e\000p\000\040\000a\000n\000d\000\040\000a\000n\000a\000e\000s\000t\000h\000e\000s\000i\000a}{section.20}% 11
\BOOKMARK [1][-]{section.25}{\376\377\000S\000l\000e\000e\000p\000\040\000s\000l\000o\000w\000-\000w\000a\000v\000e\000s\000\040\000a\000n\000d\000\040\000m\000e\000m\000o\000r\000y\000\040\000c\000o\000n\000s\000o\000l\000i\000d\000a\000t\000i\000o\000n}{chapter.15}% 12
\BOOKMARK [1][-]{section.26}{\376\377\000A\000\040\000w\000o\000r\000k\000i\000n\000g\000\040\000d\000e\000f\000i\000n\000i\000t\000o\000n}{chapter.15}% 13
\BOOKMARK [0][-]{chapter.27}{\376\377\000M\000e\000t\000h\000o\000d\000s}{}% 14
\BOOKMARK [1][-]{section.28}{\376\377\000D\000e\000n\000s\000e\000\040\000O\000p\000t\000i\000c\000a\000l\000\040\000F\000l\000o\000w}{chapter.27}% 15
\BOOKMARK [1][-]{section.29}{\376\377\000H\000e\000l\000m\000h\000o\000l\000t\000z\000-\000D\000e\000c\000o\000m\000p\000o\000s\000i\000t\000i\000o\000n}{chapter.27}% 16
\BOOKMARK [1][-]{section.30}{\376\377\000H\000e\000l\000m\000h\000o\000l\000t\000z\000-\000D\000e\000c\000o\000m\000p\000o\000s\000i\000t\000i\000o\000n\000\040\000o\000f\000\040\000D\000e\000n\000s\000e\000\040\000O\000p\000t\000i\000c\000a\000l\000\040\000F\000l\000o\000w}{chapter.27}% 17
\BOOKMARK [0][-]{chapter.31}{\376\377\000R\000e\000s\000u\000l\000t\000s}{}% 18
\BOOKMARK [1][-]{section.32}{\376\377\000M\000a\000i\000n\000\040\000S\000e\000c\000t\000i\000o\000n\000\040\0001}{chapter.31}% 19
\BOOKMARK [2][-]{subsection.33}{\376\377\000S\000u\000b\000s\000e\000c\000t\000i\000o\000n\000\040\0001}{section.32}% 20
\BOOKMARK [2][-]{subsection.34}{\376\377\000S\000u\000b\000s\000e\000c\000t\000i\000o\000n\000\040\0002}{section.32}% 21
\BOOKMARK [1][-]{section.35}{\376\377\000M\000a\000i\000n\000\040\000S\000e\000c\000t\000i\000o\000n\000\040\0002}{chapter.31}% 22
\BOOKMARK [0][-]{chapter.36}{\376\377\000D\000i\000s\000c\000u\000s\000s\000i\000o\000n}{}% 23
\BOOKMARK [1][-]{section.37}{\376\377\000M\000a\000i\000n\000\040\000S\000e\000c\000t\000i\000o\000n\000\040\0001}{chapter.36}% 24
\BOOKMARK [2][-]{subsection.38}{\376\377\000S\000u\000b\000s\000e\000c\000t\000i\000o\000n\000\040\0001}{section.37}% 25
\BOOKMARK [2][-]{subsection.39}{\376\377\000S\000u\000b\000s\000e\000c\000t\000i\000o\000n\000\040\0002}{section.37}% 26
\BOOKMARK [1][-]{section.40}{\376\377\000M\000a\000i\000n\000\040\000S\000e\000c\000t\000i\000o\000n\000\040\0002}{chapter.36}% 27
\BOOKMARK [0][-]{appendix.41}{\376\377\000F\000r\000e\000q\000u\000e\000n\000t\000l\000y\000\040\000A\000s\000k\000e\000d\000\040\000Q\000u\000e\000s\000t\000i\000o\000n\000s}{}% 28
\BOOKMARK [1][-]{section.42}{\376\377\000H\000o\000w\000\040\000d\000o\000\040\000I\000\040\000c\000h\000a\000n\000g\000e\000\040\000t\000h\000e\000\040\000c\000o\000l\000o\000r\000s\000\040\000o\000f\000\040\000l\000i\000n\000k\000s\000?}{appendix.41}% 29
